Arguments: 
  /home/c/.nvm/versions/node/v10.15.1/bin/node /home/c/.nvm/versions/node/v10.15.1/bin/yarn

PATH: 
  /home/c/.nvm/versions/node/v10.15.1/bin:/home/c/.local/bin:/usr/local/sbin:/usr/local/bin:/usr/sbin:/usr/bin:/sbin:/bin:/usr/games:/usr/local/games:/snap/bin:~/development/flutter/bin:/usr/bin/dart/bin:/usr/bin/dart/bin:~/development/flutter/bin:/usr/bin/dart/bin:/usr/bin/dart/bin

Yarn version: 
  1.16.0

Node version: 
  10.15.1

Platform: 
  linux x64

Trace: 
  Error: EACCES: permission denied, unlink '/home/c/Desktop/class-proj/Quiz-app/node_modules/@babel/cli/node_modules/source-map/CHANGELOG.md'

npm manifest: 
  {
    "name": "starter-kit-cyf",
    "version": "0.0.1",
    "description": "Starter kit for full-stack JavaScript projects",
    "private": true,
    "scripts": {
      "prebuild": "npm run cleanup",
      "build": "npm run build:server && npm run build:client",
      "build:client": "webpack --config client/webpack/prod.config.js",
      "build:server": "babel server --out-dir dist --ignore \"**/*.test.js\"",
      "cleanup": "rimraf ./dist/*",
      "predev": "npm run cleanup",
      "dev": "concurrently -k -n \"client,build,serve\" \"npm run dev:client\" \"npm run dev:build\" \"npm run dev:serve\"",
      "dev:build": "npm run build:server -- --source-maps --watch",
      "dev:client": "webpack-dev-server --config client/webpack/dev.config.js",
      "dev:serve": "wait-on -l file:dist/server.js && cross-env PORT=3100 nodemon dist/server.js --watch dist",
      "lint": "eslint .",
      "preserve": "npm run build",
      "serve": "npm start",
      "start": "node dist/server.js"
    },
    "repository": {
      "type": "git",
      "url": "git+https://github.com/textbook/starter-kit-cyf.git"
    },
    "author": "Jonathan Sharpe <mail@jonrshar.pe>",
    "license": "ISC",
    "bugs": {
      "url": "https://github.com/textbook/starter-kit-cyf/issues"
    },
    "homepage": "https://github.com/textbook/starter-kit-cyf#readme",
    "devDependencies": {
      "@babel/cli": "^7.4.4",
      "@babel/core": "^7.4.5",
      "@babel/plugin-proposal-class-properties": "^7.4.4",
      "@babel/plugin-transform-runtime": "^7.4.4",
      "@babel/preset-env": "^7.4.5",
      "@babel/preset-react": "^7.0.0",
      "@codeyourfuture/eslint-config-standard": "^1.0.2",
      "axios": "^0.19.0",
      "babel-eslint": "^10.0.1",
      "babel-loader": "^8.0.6",
      "concurrently": "^4.1.0",
      "cross-env": "^5.2.0",
      "css-loader": "^3.0.0",
      "eslint": "^5.16.0",
      "eslint-plugin-cypress": "^2.2.1",
      "eslint-plugin-jsx-a11y": "^6.2.1",
      "eslint-plugin-react": "^7.13.0",
      "eslint-plugin-react-hooks": "^1.6.0",
      "file-loader": "^4.0.0",
      "html-webpack-externals-plugin": "^3.8.0",
      "html-webpack-plugin": "^3.2.0",
      "nodemon": "^1.19.1",
      "react": "^16.8.6",
      "react-dom": "^16.8.6",
      "rimraf": "^2.6.3",
      "style-loader": "^0.23.1",
      "wait-on": "^3.2.0",
      "webpack": "^4.32.2",
      "webpack-cli": "^3.3.2",
      "webpack-dev-server": "^3.5.1",
      "webpack-merge": "^4.2.1"
    },
    "dependencies": {
      "@babel/runtime": "^7.4.5",
      "@material-ui/core": "^4.2.0",
      "@material-ui/icons": "^4.2.1",
      "dotenv": "^8.0.0",
      "express": "^4.17.1",
      "helmet": "^3.18.0",
      "mongodb": "^3.2.7",
      "morgan": "^1.9.1",
      "react-router-dom": "^5.0.1"
    }
  }

yarn manifest: 
  No manifest

Lockfile: 
  No lockfile
